<?xml version="1.0" encoding="UTF-8"?>
<testsuite xmlns:xsi="http://www.w3.org/2001/XMLSchema-instance" xsi:noNamespaceSchemaLocation="https://maven.apache.org/surefire/maven-surefire-plugin/xsd/surefire-test-report.xsd" name="com.effective.mobile_pr2.utils.CsvUtilsTest" time="0.191" tests="6" errors="0" skipped="0" failures="0">
  <properties>
[...]
</properties>
  <testcase name="when_get_param_null_return_exception" classname="com.effective.mobile_pr2.utils.CsvUtilsTest" time="0.132"/>
  <testcase name="when_exclude_one_column_get_list_size_equals_one" classname="com.effective.mobile_pr2.utils.CsvUtilsTest" time="0.015"/>
  <testcase name="when_get_param_list_is_empty_return_exception" classname="com.effective.mobile_pr2.utils.CsvUtilsTest" time="0.003"/>
  <testcase name="when_exclude_all_columns_get_list_size_equals_blank" classname="com.effective.mobile_pr2.utils.CsvUtilsTest" time="0.004"/>
  <testcase name="smoke_test" classname="com.effective.mobile_pr2.utils.CsvUtilsTest" time="0.004"/>
  <testcase name="when_get_param_empty_return_exception" classname="com.effective.mobile_pr2.utils.CsvUtilsTest" time="0.003"/>
</testsuite>